<?xml version="1.0" encoding="UTF-8"?>
<testng-results ignored="0" total="2" passed="2" failed="0" skipped="0">
  <reporter-output>
  </reporter-output>
  <suite started-at="2021-06-25T19:39:01 CDT" name="Default suite" finished-at="2021-06-25T19:39:06 CDT" duration-ms="5293">
    <groups>
    </groups>
    <test started-at="2021-06-25T19:39:01 CDT" name="Default test" finished-at="2021-06-25T19:39:06 CDT" duration-ms="5293">
      <class name="com.qa.TestCases.SearchPageTest">
        <test-method is-config="true" signature="setup()[pri:0, instance:com.qa.TestCases.SearchPageTest@3246fb96]" started-at="2021-06-25T19:39:01 CDT" name="setup" finished-at="2021-06-25T19:39:03 CDT" duration-ms="2034" status="PASS">
          <reporter-output>
          </reporter-output>
        </test-method> <!-- setup -->
        <test-method signature="testvalidatePageTitle()[pri:49, instance:com.qa.TestCases.SearchPageTest@3246fb96]" started-at="2021-06-25T19:39:03 CDT" name="testvalidatePageTitle" finished-at="2021-06-25T19:39:03 CDT" duration-ms="11" status="PASS">
          <reporter-output>
          </reporter-output>
        </test-method> <!-- testvalidatePageTitle -->
        <test-method is-config="true" signature="setup()[pri:0, instance:com.qa.TestCases.SearchPageTest@3246fb96]" started-at="2021-06-25T19:39:03 CDT" name="setup" finished-at="2021-06-25T19:39:04 CDT" duration-ms="1632" status="PASS">
          <reporter-output>
          </reporter-output>
        </test-method> <!-- setup -->
        <test-method signature="testsearchbox()[pri:50, instance:com.qa.TestCases.SearchPageTest@3246fb96]" started-at="2021-06-25T19:39:04 CDT" name="testsearchbox" finished-at="2021-06-25T19:39:06 CDT" duration-ms="1592" status="PASS">
          <reporter-output>
          </reporter-output>
        </test-method> <!-- testsearchbox -->
      </class> <!-- com.qa.TestCases.SearchPageTest -->
    </test> <!-- Default test -->
  </suite> <!-- Default suite -->
</testng-results>
